{"/home/administrator/env/workspace/various/cygni/src/services/FlickrService.js": {"path":"/home/administrator/env/workspace/various/cygni/src/services/FlickrService.js","statementMap":{"0":{"start":{"line":17,"column":4},"end":{"line":17,"column":38}},"1":{"start":{"line":18,"column":4},"end":{"line":18,"column":49}},"2":{"start":{"line":19,"column":4},"end":{"line":19,"column":19}},"3":{"start":{"line":21,"column":4},"end":{"line":26,"column":5}},"4":{"start":{"line":23,"column":6},"end":{"line":23,"column":38}},"5":{"start":{"line":24,"column":6},"end":{"line":24,"column":46}},"6":{"start":{"line":25,"column":6},"end":{"line":25,"column":27}},"7":{"start":{"line":28,"column":4},"end":{"line":28,"column":17}},"8":{"start":{"line":37,"column":22},"end":{"line":37,"column":37}},"9":{"start":{"line":39,"column":16},"end":{"line":39,"column":112}},"10":{"start":{"line":42,"column":4},"end":{"line":53,"column":5}},"11":{"start":{"line":43,"column":20},"end":{"line":43,"column":36}},"12":{"start":{"line":45,"column":6},"end":{"line":45,"column":39}},"13":{"start":{"line":46,"column":6},"end":{"line":48,"column":7}},"14":{"start":{"line":47,"column":8},"end":{"line":47,"column":56}},"15":{"start":{"line":50,"column":6},"end":{"line":50,"column":33}},"16":{"start":{"line":51,"column":6},"end":{"line":51,"column":44}},"17":{"start":{"line":52,"column":6},"end":{"line":52,"column":54}},"18":{"start":{"line":55,"column":4},"end":{"line":55,"column":31}},"19":{"start":{"line":56,"column":4},"end":{"line":56,"column":52}},"20":{"start":{"line":65,"column":17},"end":{"line":65,"column":38}},"21":{"start":{"line":66,"column":4},"end":{"line":73,"column":5}},"22":{"start":{"line":67,"column":6},"end":{"line":70,"column":7}},"23":{"start":{"line":68,"column":22},"end":{"line":68,"column":38}},"24":{"start":{"line":69,"column":8},"end":{"line":69,"column":25}},"25":{"start":{"line":72,"column":6},"end":{"line":72,"column":50}},"26":{"start":{"line":75,"column":4},"end":{"line":75,"column":15}},"27":{"start":{"line":88,"column":16},"end":{"line":94,"column":5}},"28":{"start":{"line":96,"column":4},"end":{"line":98,"column":5}},"29":{"start":{"line":97,"column":6},"end":{"line":97,"column":17}},"30":{"start":{"line":100,"column":19},"end":{"line":100,"column":35}},"31":{"start":{"line":101,"column":4},"end":{"line":103,"column":5}},"32":{"start":{"line":102,"column":6},"end":{"line":102,"column":17}},"33":{"start":{"line":105,"column":4},"end":{"line":131,"column":5}},"34":{"start":{"line":107,"column":8},"end":{"line":107,"column":21}},"35":{"start":{"line":109,"column":25},"end":{"line":112,"column":9}},"36":{"start":{"line":114,"column":8},"end":{"line":120,"column":9}},"37":{"start":{"line":119,"column":10},"end":{"line":119,"column":21}},"38":{"start":{"line":122,"column":24},"end":{"line":122,"column":50}},"39":{"start":{"line":123,"column":24},"end":{"line":123,"column":47}},"40":{"start":{"line":124,"column":24},"end":{"line":124,"column":58}},"41":{"start":{"line":126,"column":8},"end":{"line":129,"column":9}}},"fnMap":{"0":{"name":"(anonymous_0)","decl":{"start":{"line":16,"column":2},"end":{"line":16,"column":3}},"loc":{"start":{"line":16,"column":50},"end":{"line":29,"column":3}},"line":16},"1":{"name":"(anonymous_1)","decl":{"start":{"line":36,"column":2},"end":{"line":36,"column":3}},"loc":{"start":{"line":36,"column":39},"end":{"line":57,"column":3}},"line":36},"2":{"name":"(anonymous_2)","decl":{"start":{"line":64,"column":2},"end":{"line":64,"column":3}},"loc":{"start":{"line":64,"column":40},"end":{"line":76,"column":3}},"line":64},"3":{"name":"(anonymous_3)","decl":{"start":{"line":85,"column":2},"end":{"line":85,"column":3}},"loc":{"start":{"line":85,"column":44},"end":{"line":132,"column":3}},"line":85},"4":{"name":"(anonymous_4)","decl":{"start":{"line":106,"column":17},"end":{"line":106,"column":18}},"loc":{"start":{"line":106,"column":30},"end":{"line":130,"column":7}},"line":106}},"branchMap":{"0":{"loc":{"start":{"line":16,"column":23},"end":{"line":16,"column":48}},"type":"default-arg","locations":[{"start":{"line":16,"column":46},"end":{"line":16,"column":48}}],"line":16},"1":{"loc":{"start":{"line":16,"column":25},"end":{"line":16,"column":41}},"type":"default-arg","locations":[{"start":{"line":16,"column":37},"end":{"line":16,"column":41}}],"line":16},"2":{"loc":{"start":{"line":21,"column":4},"end":{"line":26,"column":5}},"type":"if","locations":[{"start":{"line":21,"column":4},"end":{"line":26,"column":5}},{"start":{"line":21,"column":4},"end":{"line":26,"column":5}}],"line":21},"3":{"loc":{"start":{"line":21,"column":8},"end":{"line":21,"column":39}},"type":"binary-expr","locations":[{"start":{"line":21,"column":8},"end":{"line":21,"column":17}},{"start":{"line":21,"column":21},"end":{"line":21,"column":39}}],"line":21},"4":{"loc":{"start":{"line":42,"column":4},"end":{"line":53,"column":5}},"type":"if","locations":[{"start":{"line":42,"column":4},"end":{"line":53,"column":5}},{"start":{"line":42,"column":4},"end":{"line":53,"column":5}}],"line":42},"5":{"loc":{"start":{"line":46,"column":6},"end":{"line":48,"column":7}},"type":"if","locations":[{"start":{"line":46,"column":6},"end":{"line":48,"column":7}},{"start":{"line":46,"column":6},"end":{"line":48,"column":7}}],"line":46},"6":{"loc":{"start":{"line":66,"column":4},"end":{"line":73,"column":5}},"type":"if","locations":[{"start":{"line":66,"column":4},"end":{"line":73,"column":5}},{"start":{"line":66,"column":4},"end":{"line":73,"column":5}}],"line":66},"7":{"loc":{"start":{"line":67,"column":6},"end":{"line":70,"column":7}},"type":"if","locations":[{"start":{"line":67,"column":6},"end":{"line":70,"column":7}},{"start":{"line":67,"column":6},"end":{"line":70,"column":7}}],"line":67},"8":{"loc":{"start":{"line":85,"column":16},"end":{"line":85,"column":32}},"type":"default-arg","locations":[{"start":{"line":85,"column":30},"end":{"line":85,"column":32}}],"line":85},"9":{"loc":{"start":{"line":85,"column":34},"end":{"line":85,"column":42}},"type":"default-arg","locations":[{"start":{"line":85,"column":41},"end":{"line":85,"column":42}}],"line":85},"10":{"loc":{"start":{"line":89,"column":23},"end":{"line":89,"column":59}},"type":"cond-expr","locations":[{"start":{"line":89,"column":37},"end":{"line":89,"column":45}},{"start":{"line":89,"column":48},"end":{"line":89,"column":59}}],"line":89},"11":{"loc":{"start":{"line":90,"column":6},"end":{"line":90,"column":58}},"type":"binary-expr","locations":[{"start":{"line":90,"column":7},"end":{"line":90,"column":18}},{"start":{"line":90,"column":22},"end":{"line":90,"column":44}},{"start":{"line":90,"column":49},"end":{"line":90,"column":58}}],"line":90},"12":{"loc":{"start":{"line":96,"column":4},"end":{"line":98,"column":5}},"type":"if","locations":[{"start":{"line":96,"column":4},"end":{"line":98,"column":5}},{"start":{"line":96,"column":4},"end":{"line":98,"column":5}}],"line":96},"13":{"loc":{"start":{"line":101,"column":4},"end":{"line":103,"column":5}},"type":"if","locations":[{"start":{"line":101,"column":4},"end":{"line":103,"column":5}},{"start":{"line":101,"column":4},"end":{"line":103,"column":5}}],"line":101},"14":{"loc":{"start":{"line":114,"column":8},"end":{"line":120,"column":9}},"type":"if","locations":[{"start":{"line":114,"column":8},"end":{"line":120,"column":9}},{"start":{"line":114,"column":8},"end":{"line":120,"column":9}}],"line":114},"15":{"loc":{"start":{"line":115,"column":10},"end":{"line":117,"column":37}},"type":"binary-expr","locations":[{"start":{"line":115,"column":10},"end":{"line":115,"column":25}},{"start":{"line":116,"column":10},"end":{"line":116,"column":30}},{"start":{"line":117,"column":10},"end":{"line":117,"column":37}}],"line":115}},"s":{"0":3,"1":3,"2":3,"3":3,"4":2,"5":2,"6":2,"7":3,"8":12,"9":12,"10":12,"11":5,"12":5,"13":5,"14":1,"15":4,"16":4,"17":4,"18":7,"19":7,"20":12,"21":10,"22":3,"23":2,"24":2,"25":3,"26":7,"27":10,"28":5,"29":1,"30":4,"31":4,"32":2,"33":2,"34":2,"35":2,"36":2,"37":1,"38":1,"39":1,"40":1,"41":1},"f":{"0":3,"1":12,"2":12,"3":10,"4":2},"b":{"0":[1],"1":[1],"2":[2,1],"3":[3,2],"4":[5,7],"5":[1,4],"6":[3,7],"7":[2,1],"8":[3],"9":[3],"10":[7,3],"11":[10,7,3],"12":[1,4],"13":[2,2],"14":[1,1],"15":[2,1,1]},"_coverageSchema":"1a1c01bbd47fc00a2c39e90264f33305004495a9","hash":"710acb7cf91bf49b38a75fcb1e081da82d2e0ce3"}
}
