TN:
SF:src/services/FlickrService.js
FN:16,(anonymous_0)
FN:36,(anonymous_1)
FN:64,(anonymous_2)
FN:85,(anonymous_3)
FN:106,(anonymous_4)
FNF:5
FNH:5
FNDA:3,(anonymous_0)
FNDA:12,(anonymous_1)
FNDA:12,(anonymous_2)
FNDA:10,(anonymous_3)
FNDA:2,(anonymous_4)
DA:17,3
DA:18,3
DA:19,3
DA:21,3
DA:23,2
DA:24,2
DA:25,2
DA:28,3
DA:37,12
DA:39,12
DA:42,12
DA:43,5
DA:45,5
DA:46,5
DA:47,1
DA:50,4
DA:51,4
DA:52,4
DA:55,7
DA:56,7
DA:65,12
DA:66,10
DA:67,3
DA:68,2
DA:69,2
DA:72,3
DA:75,7
DA:88,10
DA:96,5
DA:97,1
DA:100,4
DA:101,4
DA:102,2
DA:105,2
DA:107,2
DA:109,2
DA:114,2
DA:119,1
DA:122,1
DA:123,1
DA:124,1
DA:126,1
LF:42
LH:42
BRDA:16,0,0,1
BRDA:16,1,0,1
BRDA:21,2,0,2
BRDA:21,2,1,1
BRDA:21,3,0,3
BRDA:21,3,1,2
BRDA:42,4,0,5
BRDA:42,4,1,7
BRDA:46,5,0,1
BRDA:46,5,1,4
BRDA:66,6,0,3
BRDA:66,6,1,7
BRDA:67,7,0,2
BRDA:67,7,1,1
BRDA:85,8,0,3
BRDA:85,9,0,3
BRDA:89,10,0,7
BRDA:89,10,1,3
BRDA:90,11,0,10
BRDA:90,11,1,7
BRDA:90,11,2,3
BRDA:96,12,0,1
BRDA:96,12,1,4
BRDA:101,13,0,2
BRDA:101,13,1,2
BRDA:114,14,0,1
BRDA:114,14,1,1
BRDA:115,15,0,2
BRDA:115,15,1,1
BRDA:115,15,2,1
BRF:30
BRH:30
end_of_record
